<?xml version="1.0" encoding="UTF-8"?>
<!-- Generated by org.testng.reporters.JUnitReportReporter -->
<testsuite hostname="Aditya" failures="0" tests="10" name="tests.CheckoutTests" time="180.122" errors="0" timestamp="2025-09-04T09:26:30 IST" skipped="0">
  <testcase classname="tests.CheckoutTests" name="finishButtonCompletesOrder" time="19.085"/>
  <testcase classname="tests.CheckoutTests" name="checkoutWithMissingFirstName" time="18.101"/>
  <testcase classname="tests.CheckoutTests" name="verifySuccessMessageAfterOrder" time="16.189"/>
  <testcase classname="tests.CheckoutTests" name="verifyBackToProductsButtonWorks" time="20.530"/>
  <testcase classname="tests.CheckoutTests" name="invalidZipCodeFormat" time="17.063"/>
  <testcase classname="tests.CheckoutTests" name="verifyCheckoutOverviewPage" time="19.040"/>
  <testcase classname="tests.CheckoutTests" name="checkoutWithMissingLastName" time="18.018"/>
  <testcase classname="tests.CheckoutTests" name="checkoutWithMissingPostalCode" time="18.037"/>
  <testcase classname="tests.CheckoutTests" name="cancelCheckout" time="16.976"/>
  <testcase classname="tests.CheckoutTests" name="checkoutWithValidDetails" time="17.083"/>
</testsuite> <!-- tests.CheckoutTests -->
