<?xml version="1.0" encoding="UTF-8"?>
<!-- Generated by org.testng.reporters.JUnitReportReporter -->
<testsuite hostname="Aditya" failures="0" tests="6" name="tests.CartTests" time="89.779" errors="0" timestamp="2025-09-04T09:26:30 IST" skipped="0">
  <testcase classname="tests.CartTests" name="checkoutButtonWorks" time="13.952"/>
  <testcase classname="tests.CartTests" name="verifyNavigatingToCartPage" time="11.913"/>
  <testcase classname="tests.CartTests" name="verifyCartBadgeIncreases" time="11.814"/>
  <testcase classname="tests.CartTests" name="verifyProductDetailsInCart" time="13.996"/>
  <testcase classname="tests.CartTests" name="continueShoppingButtonWorks" time="14.225"/>
  <testcase classname="tests.CartTests" name="verifyCartIsEmptyAfterRemovingItems" time="23.879"/>
</testsuite> <!-- tests.CartTests -->
