<?xml version="1.0" encoding="UTF-8"?>
<!-- Generated by org.testng.reporters.JUnitReportReporter -->
<testsuite hostname="Aditya" failures="0" tests="6" name="tests.CartTests" time="103.156" errors="0" timestamp="2025-09-03T22:17:43 IST" skipped="0">
  <testcase classname="tests.CartTests" name="checkoutButtonWorks" time="16.368"/>
  <testcase classname="tests.CartTests" name="verifyCartIsEmptyAfterRemovingItems" time="27.735"/>
  <testcase classname="tests.CartTests" name="verifyCartBadgeIncreases" time="14.401"/>
  <testcase classname="tests.CartTests" name="verifyProductDetailsInCart" time="14.889"/>
  <testcase classname="tests.CartTests" name="continueShoppingButtonWorks" time="15.154"/>
  <testcase classname="tests.CartTests" name="verifyNavigatingToCartPage" time="14.609"/>
</testsuite> <!-- tests.CartTests -->
