<?xml version="1.0" encoding="UTF-8"?>
<!-- Generated by org.testng.reporters.JUnitReportReporter -->
<testsuite hostname="Aditya" failures="0" tests="8" name="tests.InventoryTests" time="106.534" errors="0" timestamp="2025-09-03T22:17:43 IST" skipped="0">
  <testcase classname="tests.InventoryTests" name="sortProductsByNameAZ" time="13.431"/>
  <testcase classname="tests.InventoryTests" name="sortProductsByPriceLowToHigh" time="14.467"/>
  <testcase classname="tests.InventoryTests" name="sortProductsByPriceHighToLow" time="10.307"/>
  <testcase classname="tests.InventoryTests" name="sortProductsByNameZA" time="11.944"/>
  <testcase classname="tests.InventoryTests" name="addMultipleProductsToCart" time="16.636"/>
  <testcase classname="tests.InventoryTests" name="removeProductFromCart" time="12.681"/>
  <testcase classname="tests.InventoryTests" name="verifyProductsDisplayed" time="9.207"/>
  <testcase classname="tests.InventoryTests" name="addSingleProductToCart" time="17.861"/>
</testsuite> <!-- tests.InventoryTests -->
