<?xml version="1.0" encoding="UTF-8"?>
<!-- Generated by org.testng.reporters.JUnitReportReporter -->
<testsuite hostname="Aditya" failures="0" tests="4" name="tests.UITests" time="50.776" errors="0" timestamp="2025-09-03T22:17:43 IST" skipped="0">
  <testcase classname="tests.UITests" name="verifyFooterLinks" time="14.172"/>
  <testcase classname="tests.UITests" name="verifyLoginPageUIElements" time="7.861"/>
  <testcase classname="tests.UITests" name="verifyBackButtonAfterLogout" time="15.343"/>
  <testcase classname="tests.UITests" name="verifyPageTitleAndLogoConsistency" time="13.400"/>
</testsuite> <!-- tests.UITests -->
