<?xml version="1.0" encoding="UTF-8"?>
<!-- Generated by org.testng.reporters.JUnitReportReporter -->
<testsuite hostname="Aditya" failures="0" tests="8" name="tests.LoginTests" time="74.315" errors="0" timestamp="2025-09-03T22:17:43 IST" skipped="0">
  <testcase classname="tests.LoginTests" name="invalidLoginWrongUsername" time="6.357"/>
  <testcase classname="tests.LoginTests" name="validLogin" time="7.436"/>
  <testcase classname="tests.LoginTests" name="errorMessageDisappearsAfterRetry" time="13.249"/>
  <testcase classname="tests.LoginTests" name="invalidLoginWrongPassword" time="6.668"/>
  <testcase classname="tests.LoginTests" name="verifyUrlAndTitleAfterLogin" time="9.571"/>
  <testcase classname="tests.LoginTests" name="blankFieldsLogin" time="7.190"/>
  <testcase classname="tests.LoginTests" name="lockedOutUserLogin" time="8.870"/>
  <testcase classname="tests.LoginTests" name="performanceGlitchUserLogin" time="14.974"/>
</testsuite> <!-- tests.LoginTests -->
