<?xml version="1.0" encoding="UTF-8"?>
<!-- Generated by org.testng.reporters.JUnitReportReporter -->
<testsuite hostname="Aditya" failures="0" tests="8" name="tests.InventoryTests" time="81.368" errors="0" timestamp="2025-09-04T09:26:30 IST" skipped="0">
  <testcase classname="tests.InventoryTests" name="addMultipleProductsToCart" time="12.002"/>
  <testcase classname="tests.InventoryTests" name="sortProductsByNameZA" time="9.835"/>
  <testcase classname="tests.InventoryTests" name="addSingleProductToCart" time="9.749"/>
  <testcase classname="tests.InventoryTests" name="sortProductsByNameAZ" time="9.794"/>
  <testcase classname="tests.InventoryTests" name="removeProductFromCart" time="11.925"/>
  <testcase classname="tests.InventoryTests" name="sortProductsByPriceHighToLow" time="9.449"/>
  <testcase classname="tests.InventoryTests" name="verifyProductsDisplayed" time="8.814"/>
  <testcase classname="tests.InventoryTests" name="sortProductsByPriceLowToHigh" time="9.800"/>
</testsuite> <!-- tests.InventoryTests -->
