<?xml version="1.0" encoding="UTF-8"?>
<!-- Generated by org.testng.reporters.JUnitReportReporter -->
<testsuite hostname="Aditya" failures="0" tests="4" name="tests.MenuTests" time="77.401" errors="0" timestamp="2025-09-03T22:17:43 IST" skipped="0">
  <testcase classname="tests.MenuTests" name="verifyAboutLink" time="18.867"/>
  <testcase classname="tests.MenuTests" name="verifyResetAppState" time="26.107"/>
  <testcase classname="tests.MenuTests" name="verifyAllMenuOptionsVisible" time="14.480"/>
  <testcase classname="tests.MenuTests" name="verifyUserCanLogout" time="17.947"/>
</testsuite> <!-- tests.MenuTests -->
