<?xml version="1.0" encoding="UTF-8"?>
<!-- Generated by org.testng.reporters.JUnitReportReporter -->
<testsuite hostname="Aditya" failures="0" tests="4" name="tests.MenuTests" time="64.237" errors="0" timestamp="2025-09-04T09:26:30 IST" skipped="0">
  <testcase classname="tests.MenuTests" name="verifyUserCanLogout" time="12.207"/>
  <testcase classname="tests.MenuTests" name="verifyResetAppState" time="23.233"/>
  <testcase classname="tests.MenuTests" name="verifyAboutLink" time="18.022"/>
  <testcase classname="tests.MenuTests" name="verifyAllMenuOptionsVisible" time="10.775"/>
</testsuite> <!-- tests.MenuTests -->
