<?xml version="1.0" encoding="UTF-8"?>
<!-- Generated by org.testng.reporters.JUnitReportReporter -->
<testsuite hostname="Aditya" failures="0" tests="4" name="tests.UITests" time="43.535" errors="0" timestamp="2025-09-04T09:26:30 IST" skipped="0">
  <testcase classname="tests.UITests" name="verifyBackButtonAfterLogout" time="14.884"/>
  <testcase classname="tests.UITests" name="verifyLoginPageUIElements" time="7.763"/>
  <testcase classname="tests.UITests" name="verifyFooterLinks" time="9.006"/>
  <testcase classname="tests.UITests" name="verifyPageTitleAndLogoConsistency" time="11.882"/>
</testsuite> <!-- tests.UITests -->
