<?xml version="1.0" encoding="UTF-8"?>
<!-- Generated by org.testng.reporters.JUnitReportReporter -->
<testsuite hostname="Aditya" failures="0" tests="8" name="tests.LoginTests" time="62.448" errors="0" timestamp="2025-09-04T09:26:30 IST" skipped="0">
  <testcase classname="tests.LoginTests" name="errorMessageDisappearsAfterRetry" time="11.016"/>
  <testcase classname="tests.LoginTests" name="blankFieldsLogin" time="7.844"/>
  <testcase classname="tests.LoginTests" name="verifyUrlAndTitleAfterLogin" time="6.790"/>
  <testcase classname="tests.LoginTests" name="performanceGlitchUserLogin" time="12.706"/>
  <testcase classname="tests.LoginTests" name="validLogin" time="6.775"/>
  <testcase classname="tests.LoginTests" name="invalidLoginWrongPassword" time="5.717"/>
  <testcase classname="tests.LoginTests" name="invalidLoginWrongUsername" time="5.818"/>
  <testcase classname="tests.LoginTests" name="lockedOutUserLogin" time="5.782"/>
</testsuite> <!-- tests.LoginTests -->
